[debug] [2023-11-23T16:00:26.361Z] ----------------------------------------------------------------------
[debug] [2023-11-23T16:00:26.362Z] Command:       /usr/local/bin/node /opt/homebrew/bin/firebase init
[debug] [2023-11-23T16:00:26.362Z] CLI Version:   12.9.1
[debug] [2023-11-23T16:00:26.362Z] Platform:      darwin
[debug] [2023-11-23T16:00:26.362Z] Node Version:  v16.20.0
[debug] [2023-11-23T16:00:26.363Z] Time:          Thu Nov 23 2023 17:00:26 GMT+0100 (Central European Standard Time)
[debug] [2023-11-23T16:00:26.363Z] ----------------------------------------------------------------------
[debug] 
[debug] [2023-11-23T16:00:26.366Z] > command requires scopes: ["email","openid","https://www.googleapis.com/auth/cloudplatformprojects.readonly","https://www.googleapis.com/auth/firebase","https://www.googleapis.com/auth/cloud-platform"]
[debug] [2023-11-23T16:00:26.366Z] > authorizing via signed-in user (zuna@computas.com)
[info] 
     ######## #### ########  ######## ########     ###     ######  ########
     ##        ##  ##     ## ##       ##     ##  ##   ##  ##       ##
     ######    ##  ########  ######   ########  #########  ######  ######
     ##        ##  ##    ##  ##       ##     ## ##     ##       ## ##
     ##       #### ##     ## ######## ########  ##     ##  ######  ########

You're about to initialize a Firebase project in this directory:

  /Users/zuna/Documents/React/React - The Complete Guide 2023 (incl. React Router & Redux)/Section 23 - Deploying React Apps

[info] 
=== Project Setup
[info] 
[info] First, let's associate this project directory with a Firebase project.
[info] You can create multiple project aliases by running firebase use --add, 
[info] but for now we'll just set up a default project.
[info] 
[debug] [2023-11-23T16:00:52.421Z] > refreshing access token with scopes: []
[debug] [2023-11-23T16:00:52.423Z] >>> [apiv2][query] POST https://www.googleapis.com/oauth2/v3/token [none]
[debug] [2023-11-23T16:00:52.423Z] >>> [apiv2][body] POST https://www.googleapis.com/oauth2/v3/token [omitted]
[debug] [2023-11-23T16:00:52.776Z] <<< [apiv2][status] POST https://www.googleapis.com/oauth2/v3/token 200
[debug] [2023-11-23T16:00:52.776Z] <<< [apiv2][body] POST https://www.googleapis.com/oauth2/v3/token [omitted]
[debug] [2023-11-23T16:00:52.796Z] >>> [apiv2][query] GET https://firebase.googleapis.com/v1beta1/projects pageSize=100
[debug] [2023-11-23T16:00:53.734Z] <<< [apiv2][status] GET https://firebase.googleapis.com/v1beta1/projects 200
[debug] [2023-11-23T16:00:53.734Z] <<< [apiv2][body] GET https://firebase.googleapis.com/v1beta1/projects [omitted]
[info] i  Don't want to scroll through all your projects? If you know your project ID, you can initialize it directly using firebase init --project <project_id>.
 
